Using pre-set license
Built from '2020.3/release' branch; Version is '2020.3.1f1 (77a89f25062f) revision 7841951'; Using compiler version '192528614'; Build Type 'Release'
OS: 'Windows 10 Home; OS build 17134.1304; Version 1803; 64bit' Language: 'ko' Physical Memory: 16322 MB
BatchMode: 1, IsHumanControllingUs: 0, StartBugReporterOnCrash: 0, Is64bit: 1, IsPro: 0

 COMMAND LINE ARGUMENTS:
C:\Program Files\Unity\Hub\Editor\2020.3.1f1\Editor\Unity.exe
-adb2
-batchMode
-noUpm
-name
AssetImportWorker0
-projectPath
D:/GitHub/Portfolio/ProjectG_20210323/ProjectG
-logFile
Logs/AssetImportWorker0.log
-srvPort
53876
Successfully changed project path to: D:/GitHub/Portfolio/ProjectG_20210323/ProjectG
D:/GitHub/Portfolio/ProjectG_20210323/ProjectG
Using Asset Import Pipeline V2.
Refreshing native plugins compatible for Editor in 40.27 ms, found 0 plugins.
Preloading 0 native plugins for Editor in 0.00 ms.
Initialize engine version: 2020.3.1f1 (77a89f25062f)
[Subsystems] Discovering subsystems at path C:/Program Files/Unity/Hub/Editor/2020.3.1f1/Editor/Data/Resources/UnitySubsystems
[Subsystems] Discovering subsystems at path D:/GitHub/Portfolio/ProjectG_20210323/ProjectG/Assets
GfxDevice: creating device client; threaded=0
Direct3D:
    Version:  Direct3D 11.0 [level 11.1]
    Renderer: NVIDIA GeForce GTX 1060 3GB (ID=0x1c02)
    Vendor:   
    VRAM:     2988 MB
    Driver:   27.21.14.6079
Initialize mono
Mono path[0] = 'C:/Program Files/Unity/Hub/Editor/2020.3.1f1/Editor/Data/Managed'
Mono path[1] = 'C:/Program Files/Unity/Hub/Editor/2020.3.1f1/Editor/Data/MonoBleedingEdge/lib/mono/unityjit'
Mono config path = 'C:/Program Files/Unity/Hub/Editor/2020.3.1f1/Editor/Data/MonoBleedingEdge/etc'
Using monoOptions --debugger-agent=transport=dt_socket,embedding=1,server=y,suspend=n,address=127.0.0.1:56676
Begin MonoManager ReloadAssembly
Registering precompiled unity dll's ...
Register platform support module: C:/Program Files/Unity/Hub/Editor/2020.3.1f1/Editor/Data/PlaybackEngines/WindowsStandaloneSupport/UnityEditor.WindowsStandalone.Extensions.dll
Registered in 0.002421 seconds.
Native extension for WindowsStandalone target not found
Refreshing native plugins compatible for Editor in 46.84 ms, found 0 plugins.
Preloading 0 native plugins for Editor in 0.00 ms.
Invoked RoslynAnalysisRunner static constructor.
RoslynAnalysisRunner will not be running.
RoslynAnalysisRunner has terminated.
Mono: successfully reloaded assembly
- Completed reload, in  1.462 seconds
Platform modules already initialized, skipping
Registering precompiled user dll's ...
Registered in 0.001424 seconds.
Begin MonoManager ReloadAssembly
Native extension for WindowsStandalone target not found
Refreshing native plugins compatible for Editor in 0.69 ms, found 0 plugins.
Preloading 0 native plugins for Editor in 0.00 ms.
Invoked RoslynAnalysisRunner static constructor.
RoslynAnalysisRunner will not be running.
RoslynAnalysisRunner has terminated.
Mono: successfully reloaded assembly
- Completed reload, in  1.611 seconds
Platform modules already initialized, skipping
========================================================================
Worker process is ready to serve import requests
Launched and connected shader compiler UnityShaderCompiler.exe after 0.04 seconds
Refreshing native plugins compatible for Editor in 0.40 ms, found 0 plugins.
Preloading 0 native plugins for Editor in 0.00 ms.
Unloading 1273 Unused Serialized files (Serialized files now loaded: 0)
System memory in use before: 153.7 MB.
System memory in use after: 153.8 MB.

Unloading 10 unused Assets to reduce memory usage. Loaded Objects now: 1741.
Total: 1.537709 ms (FindLiveObjects: 0.136192 ms CreateObjectMapping: 0.051541 ms MarkObjects: 1.245869 ms  DeleteObjects: 0.102741 ms)

========================================================================
Received Import Request.
  path: Assets/Script/Game/DropAbleItem.cs
  artifactKey: Guid(442a11f909a8a594c92293e38ff9f2e3) Importer(815301076,1909f56bfc062723c751e8b465ee728b)
Start importing Assets/Script/Game/DropAbleItem.cs using Guid(442a11f909a8a594c92293e38ff9f2e3) Importer(815301076,1909f56bfc062723c751e8b465ee728b)  -> (artifact id: '12d2c846945bdf38093e27f0273ed017') in 0.042541 seconds
  Import took 0.056678 seconds .

========================================================================
Received Import Request.
  Time since last request: 299.572015 seconds.
  path: Assets/Script/Game/DropAbleItem.cs
  artifactKey: Guid(442a11f909a8a594c92293e38ff9f2e3) Importer(815301076,1909f56bfc062723c751e8b465ee728b)
Start importing Assets/Script/Game/DropAbleItem.cs using Guid(442a11f909a8a594c92293e38ff9f2e3) Importer(815301076,1909f56bfc062723c751e8b465ee728b)  -> (artifact id: 'cc88ec6776650d7bc357845675ca7939') in 0.004280 seconds
  Import took 0.020499 seconds .

========================================================================
Received Import Request.
  Time since last request: 0.154965 seconds.
  path: Assets/Script/Game/DropAbleItem.cs
  artifactKey: Guid(442a11f909a8a594c92293e38ff9f2e3) Importer(815301076,1909f56bfc062723c751e8b465ee728b)
Start importing Assets/Script/Game/DropAbleItem.cs using Guid(442a11f909a8a594c92293e38ff9f2e3) Importer(815301076,1909f56bfc062723c751e8b465ee728b)  -> (artifact id: 'cc88ec6776650d7bc357845675ca7939') in 0.004476 seconds
  Import took 0.012607 seconds .

========================================================================
Received Prepare
Registering precompiled user dll's ...
Registered in 0.001218 seconds.
Begin MonoManager ReloadAssembly
Native extension for WindowsStandalone target not found
Refreshing native plugins compatible for Editor in 0.37 ms, found 0 plugins.
Preloading 0 native plugins for Editor in 0.00 ms.
Invoked RoslynAnalysisRunner static constructor.
RoslynAnalysisRunner will not be running.
RoslynAnalysisRunner has terminated.
Mono: successfully reloaded assembly
- Completed reload, in  0.778 seconds
Platform modules already initialized, skipping
Refreshing native plugins compatible for Editor in 0.40 ms, found 0 plugins.
Preloading 0 native plugins for Editor in 0.00 ms.
Unloading 1266 Unused Serialized files (Serialized files now loaded: 0)
System memory in use before: 153.6 MB.
System memory in use after: 153.7 MB.

Unloading 5 unused Assets to reduce memory usage. Loaded Objects now: 1744.
Total: 1.349634 ms (FindLiveObjects: 0.126635 ms CreateObjectMapping: 0.040619 ms MarkObjects: 1.168727 ms  DeleteObjects: 0.012629 ms)

========================================================================
Received Prepare
Registering precompiled user dll's ...
Registered in 0.001268 seconds.
Begin MonoManager ReloadAssembly
Native extension for WindowsStandalone target not found
Refreshing native plugins compatible for Editor in 0.37 ms, found 0 plugins.
Preloading 0 native plugins for Editor in 0.00 ms.
Invoked RoslynAnalysisRunner static constructor.
RoslynAnalysisRunner will not be running.
RoslynAnalysisRunner has terminated.
Mono: successfully reloaded assembly
- Completed reload, in  0.767 seconds
Platform modules already initialized, skipping
Refreshing native plugins compatible for Editor in 0.37 ms, found 0 plugins.
Preloading 0 native plugins for Editor in 0.00 ms.
Unloading 1265 Unused Serialized files (Serialized files now loaded: 0)
System memory in use before: 153.6 MB.
System memory in use after: 153.7 MB.

Unloading 5 unused Assets to reduce memory usage. Loaded Objects now: 1746.
Total: 1.374210 ms (FindLiveObjects: 0.138240 ms CreateObjectMapping: 0.046421 ms MarkObjects: 1.176578 ms  DeleteObjects: 0.011947 ms)

AssetImportWorkerClient::OnTransportError - code=2 error=End of file
